               time,               Date,           Rainfall,      Inifiltration,         Runoff@end,       WaterStorage,      LeftDischarge,      RightDischarge
  42162.0000  06/07/2015        0.0000        0.0000        0.0000        0.0000        0.0000        0.0000
  42163.0000  06/08/2015        0.0000        0.0000        0.0000        0.0000        0.0000        0.0000
  42164.0000  06/09/2015        2.8000        2.1069        0.0000        0.0000        0.0000        0.0000
  42165.0000  06/10/2015        0.0000        0.0000        0.0000        0.0000        0.0000        0.0000
  42166.0000  06/11/2015       49.9276       49.1036        0.0000        0.0000        0.0000        0.0000
  42167.0000  06/12/2015        1.2000        0.1298        0.0000        0.0000        0.0000        0.0000
  42168.0000  06/13/2015        0.0000        0.0000        0.0000        0.0000        0.0000        0.0000
  42169.0000  06/14/2015       47.2599       46.0464        0.0000        0.0000        0.0000        0.0000
  42170.0000  06/15/2015        0.0000        0.0000        0.0000        0.0000        0.0000        0.0000
  42171.0000  06/16/2015        1.6000        0.6158        0.0000        0.0000        0.0000        0.0000
  42172.0000  06/17/2015        0.0000        0.0000        0.0000        0.0000        0.0000        0.0000
  42173.0000  06/18/2015        0.0000        0.0000        0.0000        0.0000        0.0000        0.0000
  42174.0000  06/19/2015        0.0000        0.0000        0.0000        0.0000        0.0000        0.0000
  42175.0000  06/20/2015        0.0000        0.0000        0.0000        0.0000        0.0000        0.0000
  42176.0000  06/21/2015       21.5595       20.8639        0.0000        0.0000        0.0000        0.0000
  42177.0000  06/22/2015      131.6308      130.5337        0.0000        0.0000        0.0000        0.0000
  42178.0000  06/23/2015        0.0000        0.0000        0.0000        0.0000        0.0000        0.0000
  42179.0000  06/24/2015        0.0000        0.0000        0.0000        0.0000        0.0000        0.0000
  42180.0000  06/25/2015      106.1107      104.9098        0.0000        0.0000        0.0000        0.0000
  42181.0000  06/26/2015        0.0000        0.0000        0.0000        0.0000        0.0000        0.0000
  42182.0000  06/27/2015        0.0000        0.0000        0.0000        0.0000        0.0000        0.0000
  42183.0000  06/28/2015       34.6255       33.7580        0.0000        0.0000        0.0000        0.0000
  42184.0000  06/29/2015        0.0000        0.0000        0.0000        0.0000        0.0000        0.0000
  42185.0000  06/30/2015        0.0000        0.0000        0.0000        0.0000        0.0000        0.0000
  42186.0000  07/01/2015        0.0000        0.0000        0.0000        0.0000        0.0000        0.0000
  42187.0000  07/02/2015        8.6525        8.1611        0.0000        0.0000        0.0000        0.0000
  42188.0000  07/03/2015      118.5608      118.0084        0.0000        0.0000        0.0000        0.0000
  42189.0000  07/04/2015        0.0000        0.0000        0.0000        0.0000        0.0000        0.0000
  42190.0000  07/05/2015        0.0000        0.0000        0.0000        0.0000        0.0000        0.0000
  42191.0000  07/06/2015       97.8127       97.0479        0.0000        0.0000        0.0000        0.0000
  42192.0000  07/07/2015        0.0000        0.0000        0.0000        0.0000        0.0000        0.0000
  42193.0000  07/08/2015       56.9865       56.2071        0.0000        0.0000        0.0000        0.0000
  42194.0000  07/09/2015       18.3211       17.6567        0.0000        0.0000        0.0000        0.0000
  42195.0000  07/10/2015       75.3430       74.6037        0.0000        0.0000        0.0000        0.0000
  42196.0000  07/11/2015        6.4000        5.7022        0.0000        0.0000        0.0000        0.0000
  42197.0000  07/12/2015        0.0000        0.0000        0.0000        0.0000        0.0000        0.0000
  42198.0000  07/13/2015      144.2369      143.3253        0.0000        0.0000        0.0000        0.0000
  42199.0000  07/14/2015        0.0000        0.0000        0.0000        0.0000        0.0000        0.0000
  42200.0000  07/15/2015        0.0000        0.0000        0.0000        0.0000        0.0000        0.0000
  42201.0000  07/16/2015        0.0000        0.0000        0.0000        0.0000        0.0000        0.0000
  42202.0000  07/17/2015        0.0000        0.0000        0.0000        0.0000        0.0000        0.0000
  42203.0000  07/18/2015        0.0000        0.0000        0.0000        0.0000        0.0000        0.0000
  42204.0000  07/19/2015        0.0000        0.0000        0.0000        0.0000        0.0000        0.0000
  42205.0000  07/20/2015        0.0000        0.0000        0.0000        0.0000        0.0000        0.0000
  42206.0000  07/21/2015      455.1328      453.4415        0.0000        0.0000        0.0000        0.0000
  42207.0000  07/22/2015        1.2000        0.6431        0.0000        0.0000        0.0000        0.0000
  42208.0000  07/23/2015        0.0000        0.0001        0.0000        0.0000        0.0000        0.0000
  42209.0000  07/24/2015        0.0000        0.0000        0.0000        0.0000        0.0000        0.0000
  42210.0000  07/25/2015        0.0000        0.0000        0.0000        0.0000        0.0000        0.0000
  42211.0000  07/26/2015        2.8880        2.4329        0.0000        0.0000        0.0000        0.0000
  42212.0000  07/27/2015        3.1749        2.8293        0.0000        0.0000        0.0000        0.0000
  42213.0000  07/28/2015       20.7902       20.4257        0.0000        0.0000        0.0000        0.0000
  42214.0000  07/29/2015        3.1749        2.7075        0.0000        0.0000        0.0000        0.0000
  42215.0000  07/30/2015        0.0000        0.0000        0.0000        0.0000        0.0000        0.0000
  42216.0000  07/31/2015        0.0000        0.0000        0.0000        0.0000        0.0000        0.0000
  42217.0000  08/01/2015        0.0000        0.0000        0.0000        0.0000        0.0000        0.0000
  42218.0000  08/02/2015        0.0000        0.0000        0.0000        0.0000        0.0000        0.0000
  42219.0000  08/03/2015       85.0526       84.5515        0.0000        0.0000        0.0000        0.0000
  42220.0000  08/04/2015        0.8000        0.5217        0.0000        0.0000        0.0000        0.0000
  42221.0000  08/05/2015      459.2211      457.5860        0.0000        0.0000        0.0000        0.0000
  42222.0000  08/06/2015       27.6906       27.3453        0.0000        0.0000        0.0000        0.0000
  42223.0000  08/07/2015        0.0000        0.0006        0.0000        0.0000        0.0000        0.0000
  42224.0000  08/08/2015      141.1200      140.7560        0.0000        0.0000        0.0000        0.0000
  42225.0000  08/09/2015        0.0000        0.0018        0.0000        0.0000        0.0000        0.0000
  42226.0000  08/10/2015       45.7756       45.5303        0.0000        0.0000        0.0000        0.0000
  42227.0000  08/11/2015      146.6640      146.2058        0.0000        0.0000        0.0000        0.0000
  42228.0000  08/12/2015        0.0000        0.0000        0.0000        0.0000        0.0000        0.0000
  42229.0000  08/13/2015      111.8264      111.4925        0.0000        0.0000        0.0000        0.0000
  42230.0000  08/14/2015        0.0000        0.0011        0.0000        0.0000        0.0000        0.0000
  42231.0000  08/15/2015       55.6152       55.3927        0.0000        0.0000        0.0000        0.0000
  42232.0000  08/16/2015        4.0000        3.6389        0.0000        0.0000        0.0000        0.0000
  42233.0000  08/17/2015        0.0000        0.0000        0.0000        0.0000        0.0000        0.0000
  42234.0000  08/18/2015       51.3886       51.1217        0.0000        0.0000        0.0000        0.0000
  42235.0000  08/19/2015       23.0177       22.7519        0.0000        0.0000        0.0000        0.0000
  42236.0000  08/20/2015       14.0000       13.7279        0.0000        0.0000        0.0000        0.0000
  42237.0000  08/21/2015        0.0000        0.0006        0.0000        0.0000        0.0000        0.0000
  42238.0000  08/22/2015      131.5057      131.1227        0.0000        0.0000        0.0000        0.0000
  42239.0000  08/23/2015        0.0000        0.0017        0.0000        0.0000        0.0000        0.0000
  42240.0000  08/24/2015        0.0000        0.0000        0.0000        0.0000        0.0000        0.0000
  42241.0000  08/25/2015        1.6000        1.2523        0.0000        0.0000        0.0000        0.0000
  42242.0000  08/26/2015        0.0000        0.0000        0.0000        0.0000        0.0000        0.0000
  42243.0000  08/27/2015      350.9822      350.1440        0.0000        0.0000        0.0000        0.0000
  42244.0000  08/28/2015        0.0000        0.0009        0.0000        0.0000        0.0000        0.0000
  42245.0000  08/29/2015       13.2000       12.8579        0.0000        0.0000        0.0000        0.0000
  42246.0000  08/30/2015      225.4214      224.4280        0.0000        0.0000        0.0000        0.0000
  42247.0000  08/31/2015        0.4000        0.1236        0.0000        0.0000        0.0000        0.0000
  42248.0000  09/01/2015       10.4000       10.1155        0.0000        0.0000        0.0000        0.0000
  42249.0000  09/02/2015       89.0452       88.6360        0.0000        0.0000        0.0000        0.0000
  42250.0000  09/03/2015        0.0000        0.0002        0.0000        0.0000        0.0000        0.0000
